#
# A fatal error has been detected by the Java Runtime Environment:
#
#  EXCEPTION_ACCESS_VIOLATION (0xc0000005) at pc=0x00007ffd51a96b07, pid=16404, tid=13584
#
# JRE version: Java(TM) SE Runtime Environment (17.0.9+11) (build 17.0.9+11-LTS-201)
# Java VM: Java HotSpot(TM) 64-Bit Server VM (17.0.9+11-LTS-201, mixed mode, sharing, tiered, compressed oops, compressed class ptrs, g1 gc, windows-amd64)
# Problematic frame:
# C  [glass.dll+0x26b07]
#
# No core dump will be written. Minidumps are not enabled by default on client versions of Windows
#
# If you would like to submit a bug report, please visit:
#   https://bugreport.java.com/bugreport/crash.jsp
#

---------------  S U M M A R Y ------------

Command Line: -javaagent:C:\Program Files\JetBrains\IntelliJ IDEA 2024.2.0.2\lib\idea_rt.jar=56619:C:\Program Files\JetBrains\IntelliJ IDEA 2024.2.0.2\bin -Dfile.encoding=UTF-8 --module-path=C:\Users\Windows 10 Pro\.m2\repository\org\openjfx\javafx-controls\17.0.6\javafx-controls-17.0.6-win.jar;C:\Users\Windows 10 Pro\Desktop\Miniproyecto Uno #4\target\classes;C:\Users\Windows 10 Pro\.m2\repository\org\openjfx\javafx-fxml\17.0.6\javafx-fxml-17.0.6-win.jar;C:\Users\Windows 10 Pro\.m2\repository\org\openjfx\javafx-base\17.0.6\javafx-base-17.0.6-win.jar;C:\Users\Windows 10 Pro\.m2\repository\org\openjfx\javafx-graphics\17.0.6\javafx-graphics-17.0.6-win.jar -Djdk.module.main=org.example.eiscuno org.example.eiscuno/org.example.eiscuno.Main

Host: AMD Ryzen 5 3600 6-Core Processor              , 12 cores, 31G,  Windows 10 , 64 bit Build 19041 (10.0.19041.1889)
Time: Mon Dec 16 14:45:42 2024 Hora est. Pacífico, Sudamérica elapsed time: 10.189221 seconds (0d 0h 0m 10s)

---------------  T H R E A D  ---------------

Current thread (0x000001dc650090f0):  VMThread "VM Thread" [stack: 0x000000b43c600000,0x000000b43c700000] [id=13584]

Stack: [0x000000b43c600000,0x000000b43c700000],  sp=0x000000b43c6ff1d0,  free space=1020k
Native frames: (J=compiled Java code, j=interpreted, Vv=VM code, C=native code)
C  [glass.dll+0x26b07]


siginfo: EXCEPTION_ACCESS_VIOLATION (0xc0000005), reading address 0x0000000000000000


Register to memory mapping:

RIP=0x00007ffd51a96b07 glass.dll
RAX=0x0 is NULL
RBX=0x000001dc65016098 is a global jni handle
RCX=0x000001dc650090f0 points into unknown readable memory: 0x00007ffd324e8cc8 | c8 8c 4e 32 fd 7f 00 00
RDX=0x000000b43c6ff1d0 points into unknown readable memory: 0x0000000000000000 | 00 00 00 00 00 00 00 00
RSP=0x000000b43c6ff1d0 points into unknown readable memory: 0x0000000000000000 | 00 00 00 00 00 00 00 00
RBP=0x000001dc6a422a68 points into unknown readable memory: 0x0000cc194be3a19c | 9c a1 e3 4b 19 cc 00 00
RSI=0x000001dc6a422a40 points into unknown readable memory: 0xd51a5ff78be3a663 | 63 a6 e3 8b f7 5f 1a d5
RDI=0x0000cc194be3a19c is an unknown value
R8 =0x0000000000010002 is an unknown value
R9 =0x0000cc194be3a19c is an unknown value
R10=0x0000000000008000 is an unknown value
R11=0x000000b43c6ff160 points into unknown readable memory: 0x000001dc6a422a40 | 40 2a 42 6a dc 01 00 00
R12=0x00007ffd51a943d4 glass.dll
R13=0x00007ffd326a41b0 jvm.dll
R14=0x000000b43c6ff2c8 points into unknown readable memory: 0x000000b43c6ff2b0 | b0 f2 6f 3c b4 00 00 00
R15=0x000001dc6a422a40 points into unknown readable memory: 0xd51a5ff78be3a663 | 63 a6 e3 8b f7 5f 1a d5


Registers:
RAX=0x0000000000000000, RBX=0x000001dc65016098, RCX=0x000001dc650090f0, RDX=0x000000b43c6ff1d0
RSP=0x000000b43c6ff1d0, RBP=0x000001dc6a422a68, RSI=0x000001dc6a422a40, RDI=0x0000cc194be3a19c
R8 =0x0000000000010002, R9 =0x0000cc194be3a19c, R10=0x0000000000008000, R11=0x000000b43c6ff160
R12=0x00007ffd51a943d4, R13=0x00007ffd326a41b0, R14=0x000000b43c6ff2c8, R15=0x000001dc6a422a40
RIP=0x00007ffd51a96b07, EFLAGS=0x0000000000010202

Top of Stack: (sp=0x000000b43c6ff1d0)
0x000000b43c6ff1d0:   0000000000000000 000001dc6a422a40
0x000000b43c6ff1e0:   00007ffd326a41b0 00007ffd51a943d4
0x000000b43c6ff1f0:   000001dc6a422a48 00007ffd7dc142d6
0x000000b43c6ff200:   0000cc194be3a19c 000001dc00000000
0x000000b43c6ff210:   000001dc6a422a68 000001dc6a422a40
0x000000b43c6ff220:   fffffffffffffffe 0000000000000000
0x000000b43c6ff230:   0000000000000001 00007ffd51a70000
0x000000b43c6ff240:   000000b43c6ff2b8 00007ffd7dc141fb
0x000000b43c6ff250:   0000000000000000 000000b43c6ff2c8
0x000000b43c6ff260:   000000b43c6ff590 00007ffd7dcf0e40
0x000000b43c6ff270:   0000000000000001 00007ffd7dc141b4
0x000000b43c6ff280:   0000000000000000 0000000000000001
0x000000b43c6ff290:   0000000000000000 000000b43c6ff2b8
0x000000b43c6ff2a0:   ffffffff00000001 00007ffd51a94261
0x000000b43c6ff2b0:   00007ffd51aaa138 00007ffd00000002
0x000000b43c6ff2c0:   0000000000000002 000000b43c6ff2b0 

Instructions: (pc=0x00007ffd51a96b07)
0x00007ffd51a96a07:   8b 4d 58 e8 01 cf ff ff 48 8b 4d 60 e8 f8 ce ff
0x00007ffd51a96a17:   ff 48 8b 95 80 00 00 00 48 8b 8d 18 01 00 00 e8
0x00007ffd51a96a27:   c6 c3 ff ff 33 d2 33 c9 e8 3c e1 ff ff 90 48 89
0x00007ffd51a96a37:   54 24 10 55 48 83 ec 20 48 8b ea 48 b8 00 00 00
0x00007ffd51a96a47:   00 00 00 00 00 48 83 c4 20 5d c3 cc 40 55 48 8b
0x00007ffd51a96a57:   ea 48 8b 01 33 c9 81 38 05 00 00 c0 0f 94 c1 8b
0x00007ffd51a96a67:   c1 5d c3 cc 40 55 48 83 ec 20 48 8b ea 8a 4d 40
0x00007ffd51a96a77:   48 83 c4 20 5d e9 f7 d2 ff ff cc 40 55 48 83 ec
0x00007ffd51a96a87:   20 48 8b ea 8a 4d 20 e8 e5 d2 ff ff 90 48 83 c4
0x00007ffd51a96a97:   20 5d c3 cc 40 55 48 83 ec 20 48 8b ea 48 83 c4
0x00007ffd51a96aa7:   20 5d e9 46 d1 ff ff cc 40 55 48 83 ec 30 48 8b
0x00007ffd51a96ab7:   ea 48 8b 01 8b 10 48 89 4c 24 28 89 54 24 20 4c
0x00007ffd51a96ac7:   8d 0d e7 d5 ff ff 4c 8b 45 70 8b 55 68 48 8b 4d
0x00007ffd51a96ad7:   60 e8 87 d0 ff ff 90 48 83 c4 30 5d c3 cc cc cc
0x00007ffd51a96ae7:   cc cc cc cc cc cc cc cc cc 40 53 48 83 ec 20 48
0x00007ffd51a96af7:   8b 1d 33 30 01 00 48 85 db 74 16 e8 09 8b ff ff
0x00007ffd51a96b07:   4c 8b 00 48 8b d3 48 8b c8 41 ff 90 b0 00 00 00
0x00007ffd51a96b17:   90 48 83 c4 20 5b c3 cc cc 40 53 48 83 ec 20 48
0x00007ffd51a96b27:   8b 1d ab 31 01 00 48 85 db 74 57 b8 ff ff ff ff
0x00007ffd51a96b37:   f0 0f c1 43 10 83 f8 01 75 3d 48 85 db 74 38 48
0x00007ffd51a96b47:   8b 0b 48 85 c9 74 0d ff 15 54 07 00 00 48 c7 03
0x00007ffd51a96b57:   00 00 00 00 48 8b 4b 08 48 85 c9 74 0d e8 a7 cd
0x00007ffd51a96b67:   ff ff 48 c7 43 08 00 00 00 00 ba 18 00 00 00 48
0x00007ffd51a96b77:   8b cb e8 92 cd ff ff 48 c7 05 4f 31 01 00 00 00
0x00007ffd51a96b87:   00 00 48 83 c4 20 5b c3 cc 40 53 48 83 ec 20 48
0x00007ffd51a96b97:   8b 1d 1b 31 01 00 48 85 db 74 57 b8 ff ff ff ff
0x00007ffd51a96ba7:   f0 0f c1 43 10 83 f8 01 75 3d 48 85 db 74 38 48
0x00007ffd51a96bb7:   8b 0b 48 85 c9 74 0d ff 15 e4 06 00 00 48 c7 03
0x00007ffd51a96bc7:   00 00 00 00 48 8b 4b 08 48 85 c9 74 0d e8 37 cd
0x00007ffd51a96bd7:   ff ff 48 c7 43 08 00 00 00 00 ba 18 00 00 00 48
0x00007ffd51a96be7:   8b cb e8 22 cd ff ff 48 c7 05 bf 30 01 00 00 00
0x00007ffd51a96bf7:   00 00 48 83 c4 20 5b c3 cc 40 53 48 83 ec 20 48 


Stack slot to memory mapping:
stack at sp + 0 slots: 0x0 is NULL
stack at sp + 1 slots: 0x000001dc6a422a40 points into unknown readable memory: 0xd51a5ff78be3a663 | 63 a6 e3 8b f7 5f 1a d5
stack at sp + 2 slots: 0x00007ffd326a41b0 jvm.dll
stack at sp + 3 slots: 0x00007ffd51a943d4 glass.dll
stack at sp + 4 slots: 0x000001dc6a422a48 points into unknown readable memory: 0x0000cc194be3a19c | 9c a1 e3 4b 19 cc 00 00
stack at sp + 5 slots: 0x00007ffd7dc142d6 ucrtbase.dll
stack at sp + 6 slots: 0x0000cc194be3a19c is an unknown value
stack at sp + 7 slots: 0x000001dc00000000 points into unknown readable memory: 0x0000000000000007 | 07 00 00 00 00 00 00 00

VM_Operation (0x000000b43ecff4e0): Exit, mode: safepoint, requested by thread 0x000001dc86a3a3d0


---------------  P R O C E S S  ---------------

Threads class SMR info:
_java_thread_list=0x000001dc81fc21b0, length=27, elements={
0x000001dc7739e870, 0x000001dc6500fd10, 0x000001dc65010b90, 0x000001dc65023400,
0x000001dc65023dc0, 0x000001dc65024780, 0x000001dc65028a20, 0x000001dc650334f0,
0x000001dc65033ef0, 0x000001dc7fc263d0, 0x000001dc655730d0, 0x000001dc6582ce60,
0x000001dc65ca7fc0, 0x000001dc65caa030, 0x000001dc6a656a00, 0x000001dc6a656f10,
0x000001dc6a657420, 0x000001dc6a658350, 0x000001dc6a658860, 0x000001dc6a658d70,
0x000001dc6a65a1b0, 0x000001dc86a357e0, 0x000001dc86a36c20, 0x000001dc86a37b50,
0x000001dc86a36710, 0x000001dc86a35cf0, 0x000001dc86a3a3d0
}

Java Threads: ( => current thread )
  0x000001dc7739e870 JavaThread "main" [_thread_blocked, id=14420, stack(0x000000b43c000000,0x000000b43c100000)]
  0x000001dc6500fd10 JavaThread "Reference Handler" daemon [_thread_blocked, id=19292, stack(0x000000b43c700000,0x000000b43c800000)]
  0x000001dc65010b90 JavaThread "Finalizer" daemon [_thread_blocked, id=1568, stack(0x000000b43c800000,0x000000b43c900000)]
  0x000001dc65023400 JavaThread "Attach Listener" daemon [_thread_blocked, id=7664, stack(0x000000b43ca00000,0x000000b43cb00000)]
  0x000001dc65023dc0 JavaThread "Service Thread" daemon [_thread_blocked, id=16428, stack(0x000000b43cb00000,0x000000b43cc00000)]
  0x000001dc65024780 JavaThread "Monitor Deflation Thread" daemon [_thread_blocked, id=3796, stack(0x000000b43cc00000,0x000000b43cd00000)]
  0x000001dc65028a20 JavaThread "C2 CompilerThread0" daemon [_thread_blocked, id=14148, stack(0x000000b43cd00000,0x000000b43ce00000)]
  0x000001dc650334f0 JavaThread "C1 CompilerThread0" daemon [_thread_blocked, id=11132, stack(0x000000b43ce00000,0x000000b43cf00000)]
  0x000001dc65033ef0 JavaThread "Sweeper thread" daemon [_thread_blocked, id=16480, stack(0x000000b43cf00000,0x000000b43d000000)]
  0x000001dc7fc263d0 JavaThread "Common-Cleaner" daemon [_thread_blocked, id=15484, stack(0x000000b43d000000,0x000000b43d100000)]
  0x000001dc655730d0 JavaThread "Monitor Ctrl-Break" daemon [_thread_in_native, id=156, stack(0x000000b43d300000,0x000000b43d400000)]
  0x000001dc6582ce60 JavaThread "Notification Thread" daemon [_thread_blocked, id=7580, stack(0x000000b43d400000,0x000000b43d500000)]
  0x000001dc65ca7fc0 JavaThread "InvokeLaterDispatcher" daemon [_thread_blocked, id=3580, stack(0x000000b43d800000,0x000000b43d900000)]
  0x000001dc65caa030 JavaThread "JavaFX Application Thread" [_thread_blocked, id=15240, stack(0x000000b43d900000,0x000000b43da00000)]
  0x000001dc6a656a00 JavaThread "JavaFX-Launcher" [_thread_blocked, id=11876, stack(0x000000b43d200000,0x000000b43d300000)]
  0x000001dc6a656f10 JavaThread "Thread-2" daemon [_thread_in_native, id=11076, stack(0x000000b43d100000,0x000000b43d200000)]
  0x000001dc6a657420 JavaThread "Java Sound Event Dispatcher" daemon [_thread_blocked, id=19432, stack(0x000000b43e700000,0x000000b43e800000)]
  0x000001dc6a658350 JavaThread "Direct Clip" daemon [_thread_blocked, id=9868, stack(0x000000b43eb00000,0x000000b43ec00000)]
  0x000001dc6a658860 JavaThread "Keep-Alive-Timer" daemon [_thread_blocked, id=11340, stack(0x000000b43ef00000,0x000000b43f000000)]
  0x000001dc6a658d70 JavaThread "Prism Font Disposer" daemon [_thread_blocked, id=1840, stack(0x000000b43f100000,0x000000b43f200000)]
  0x000001dc6a65a1b0 JavaThread "Direct Clip" daemon [_thread_blocked, id=2148, stack(0x000000b43f320000,0x000000b43f420000)]
  0x000001dc86a357e0 JavaThread "Direct Clip" daemon [_thread_blocked, id=17016, stack(0x000000b43f420000,0x000000b43f520000)]
  0x000001dc86a36c20 JavaThread "ThreadSingUNO" [_thread_blocked, id=10456, stack(0x000000b43f520000,0x000000b43f620000)]
  0x000001dc86a37b50 JavaThread "Thread-4" [_thread_blocked, id=3540, stack(0x000000b43f620000,0x000000b43f720000)]
  0x000001dc86a36710 JavaThread "ThreadShowResult" [_thread_blocked, id=12796, stack(0x000000b43f720000,0x000000b43f820000)]
  0x000001dc86a35cf0 JavaThread "Cleaner-0" daemon [_thread_blocked, id=13216, stack(0x000000b43e400000,0x000000b43e500000)]
  0x000001dc86a3a3d0 JavaThread "SIGINT handler" daemon [_thread_blocked, id=12700, stack(0x000000b43ec00000,0x000000b43ed00000)]

Other Threads:
=>0x000001dc650090f0 VMThread "VM Thread" [stack: 0x000000b43c600000,0x000000b43c700000] [id=13584]
  0x000001dc7744b0d0 GCTaskThread "GC Thread#0" [stack: 0x000000b43c100000,0x000000b43c200000] [id=16656]
  0x000001dc6a76f780 GCTaskThread "GC Thread#1" [stack: 0x000000b43db00000,0x000000b43dc00000] [id=14116]
  0x000001dc65b82e70 GCTaskThread "GC Thread#2" [stack: 0x000000b43dc00000,0x000000b43dd00000] [id=1528]
  0x000001dc65b83130 GCTaskThread "GC Thread#3" [stack: 0x000000b43dd00000,0x000000b43de00000] [id=16820]
  0x000001dc65b833f0 GCTaskThread "GC Thread#4" [stack: 0x000000b43de00000,0x000000b43df00000] [id=6352]
  0x000001dc65b836b0 GCTaskThread "GC Thread#5" [stack: 0x000000b43df00000,0x000000b43e000000] [id=652]
  0x000001dc65b83970 GCTaskThread "GC Thread#6" [stack: 0x000000b43e000000,0x000000b43e100000] [id=9148]
  0x000001dc65b83c30 GCTaskThread "GC Thread#7" [stack: 0x000000b43e100000,0x000000b43e200000] [id=18692]
  0x000001dc6a81a5f0 GCTaskThread "GC Thread#8" [stack: 0x000000b43e200000,0x000000b43e300000] [id=1980]
  0x000001dc6a81a8b0 GCTaskThread "GC Thread#9" [stack: 0x000000b43e300000,0x000000b43e400000] [id=14256]
  0x000001dc7745bfb0 ConcurrentGCThread "G1 Main Marker" terminated
  0x000001dc7745d160 ConcurrentGCThread "G1 Conc#0" [stack: 0x000000b43c300000,0x000000b43c400000] [id=2268]
  0x000001dc73be8c30 ConcurrentGCThread "G1 Conc#1" [stack: 0x000000b43f820000,0x000000b43f920000] [id=10140]
  0x000001dc73c3d9f0 ConcurrentGCThread "G1 Conc#2" [stack: 0x000000b43fa20000,0x000000b43fb20000] [id=14656]
  0x000001dc7faec5e0 ConcurrentGCThread "G1 Refine#0" terminated
  0x000001dc6acecf90 ConcurrentGCThread "G1 Refine#1" terminated
  0x000001dc89f57be0 ConcurrentGCThread "G1 Refine#2" terminated
  0x000001dc822cff80 ConcurrentGCThread "G1 Refine#3" terminated
  0x000001dc7faee020 ConcurrentGCThread "G1 Service" terminated

Threads with active compile tasks:
C2 CompilerThread0  
[error occurred during error reporting (printing all threads), id 0xc0000005, EXCEPTION_ACCESS_VIOLATION (0xc0000005) at pc=0x00007ffd322f8373]

VM state: at safepoint (shutting down)

VM Mutex/Monitor currently owned by a thread:  ([mutex/lock_event])
[0x000001dc77399be0] Threads_lock - owner thread: 0x000001dc650090f0
[0x000001dc77399370] Heap_lock - owner thread: 0x000001dc86a3a3d0

Heap address: 0x0000000600c00000, size: 8180 MB, Compressed Oops mode: Zero based, Oop shift amount: 3

CDS archive(s) mapped at: [0x000001dc24000000-0x000001dc24bd0000-0x000001dc24bd0000), size 12386304, SharedBaseAddress: 0x000001dc24000000, ArchiveRelocationMode: 1.
Compressed class space mapped at: 0x000001dc25000000-0x000001dc65000000, reserved size: 1073741824
Narrow klass base: 0x000001dc24000000, Narrow klass shift: 0, Narrow klass range: 0x100000000

GC Precious Log:
 CPUs: 12 total, 12 available
 Memory: 32716M
 Large Page Support: Disabled
 NUMA Support: Disabled
 Compressed Oops: Enabled (Zero based)
 Heap Region Size: 4M
 Heap Min Capacity: 8M
 Heap Initial Capacity: 512M
 Heap Max Capacity: 8180M
 Pre-touch: Disabled
 Parallel Workers: 10
 Concurrent Workers: 3
 Concurrent Refinement Workers: 10
 Periodic GC: Disabled

Heap:
 garbage-first heap   total 344064K, used 104084K [0x0000000600c00000, 0x0000000800000000)
  region size 4096K, 6 young (24576K), 3 survivors (12288K)
 Metaspace       used 22343K, committed 22656K, reserved 1114112K
  class space    used 2838K, committed 3008K, reserved 1048576K

Heap Regions: E=young(eden), S=young(survivor), O=old, HS=humongous(starts), HC=humongous(continues), CS=collection set, F=free, OA=open archive, CA=closed archive, TAMS=top-at-mark-start (previous, next)
|   0|0x0000000600c00000, 0x0000000601000000, 0x0000000601000000|100%|HS|  |TAMS 0x0000000601000000, 0x0000000600c00000| Complete 
|   1|0x0000000601000000, 0x0000000601400000, 0x0000000601400000|100%|HC|  |TAMS 0x0000000601400000, 0x0000000601000000| Complete 
|   2|0x0000000601400000, 0x0000000601800000, 0x0000000601800000|100%|HS|  |TAMS 0x0000000601800000, 0x0000000601400000| Complete 
|   3|0x0000000601800000, 0x0000000601800000, 0x0000000601c00000|  0%| F|  |TAMS 0x0000000601800000, 0x0000000601800000| Untracked 
|   4|0x0000000601c00000, 0x0000000601c00000, 0x0000000602000000|  0%| F|  |TAMS 0x0000000601c00000, 0x0000000601c00000| Untracked 
|   5|0x0000000602000000, 0x0000000602000000, 0x0000000602400000|  0%| F|  |TAMS 0x0000000602000000, 0x0000000602000000| Untracked 
|   6|0x0000000602400000, 0x0000000602400000, 0x0000000602800000|  0%| F|  |TAMS 0x0000000602400000, 0x0000000602400000| Untracked 
|   7|0x0000000602800000, 0x0000000602800000, 0x0000000602c00000|  0%| F|  |TAMS 0x0000000602800000, 0x0000000602800000| Untracked 
|   8|0x0000000602c00000, 0x0000000602c00000, 0x0000000603000000|  0%| F|  |TAMS 0x0000000602c00000, 0x0000000602c00000| Untracked 
|   9|0x0000000603000000, 0x0000000603000000, 0x0000000603400000|  0%| F|  |TAMS 0x0000000603000000, 0x0000000603000000| Untracked 
|  10|0x0000000603400000, 0x0000000603400000, 0x0000000603800000|  0%| F|  |TAMS 0x0000000603400000, 0x0000000603400000| Untracked 
|  11|0x0000000603800000, 0x0000000603800000, 0x0000000603c00000|  0%| F|  |TAMS 0x0000000603800000, 0x0000000603800000| Untracked 
|  12|0x0000000603c00000, 0x0000000603c00000, 0x0000000604000000|  0%| F|  |TAMS 0x0000000603c00000, 0x0000000603c00000| Untracked 
|  13|0x0000000604000000, 0x0000000604000000, 0x0000000604400000|  0%| F|  |TAMS 0x0000000604000000, 0x0000000604000000| Untracked 
|  14|0x0000000604400000, 0x0000000604400000, 0x0000000604800000|  0%| F|  |TAMS 0x0000000604400000, 0x0000000604400000| Untracked 
|  15|0x0000000604800000, 0x0000000604c00000, 0x0000000604c00000|100%| O|  |TAMS 0x00000006048ac200, 0x0000000604800000| Untracked 
|  16|0x0000000604c00000, 0x0000000605000000, 0x0000000605000000|100%|HS|  |TAMS 0x0000000605000000, 0x0000000604c00000| Complete 
|  17|0x0000000605000000, 0x0000000605400000, 0x0000000605400000|100%|HS|  |TAMS 0x0000000605400000, 0x0000000605000000| Complete 
|  18|0x0000000605400000, 0x0000000605800000, 0x0000000605800000|100%|HC|  |TAMS 0x0000000605800000, 0x0000000605400000| Complete 
|  19|0x0000000605800000, 0x0000000605c00000, 0x0000000605c00000|100%|HC|  |TAMS 0x0000000605c00000, 0x0000000605800000| Complete 
|  20|0x0000000605c00000, 0x0000000606000000, 0x0000000606000000|100%|HC|  |TAMS 0x0000000606000000, 0x0000000605c00000| Complete 
|  21|0x0000000606000000, 0x0000000606400000, 0x0000000606400000|100%|HC|  |TAMS 0x0000000606400000, 0x0000000606000000| Complete 
|  22|0x0000000606400000, 0x0000000606800000, 0x0000000606800000|100%|HC|  |TAMS 0x0000000606800000, 0x0000000606400000| Complete 
|  23|0x0000000606800000, 0x0000000606c00000, 0x0000000606c00000|100%|HC|  |TAMS 0x0000000606c00000, 0x0000000606800000| Complete 
|  24|0x0000000606c00000, 0x0000000607000000, 0x0000000607000000|100%|HC|  |TAMS 0x0000000607000000, 0x0000000606c00000| Complete 
|  25|0x0000000607000000, 0x0000000607400000, 0x0000000607400000|100%|HC|  |TAMS 0x0000000607400000, 0x0000000607000000| Complete 
|  26|0x0000000607400000, 0x0000000607800000, 0x0000000607800000|100%|HC|  |TAMS 0x0000000607800000, 0x0000000607400000| Complete 
|  27|0x0000000607800000, 0x0000000607c00000, 0x0000000607c00000|100%|HC|  |TAMS 0x0000000607c00000, 0x0000000607800000| Complete 
|  28|0x0000000607c00000, 0x0000000608000000, 0x0000000608000000|100%|HS|  |TAMS 0x0000000608000000, 0x0000000607c00000| Complete 
|  29|0x0000000608000000, 0x0000000608400000, 0x0000000608400000|100%|HC|  |TAMS 0x0000000608400000, 0x0000000608000000| Complete 
|  30|0x0000000608400000, 0x0000000608800000, 0x0000000608800000|100%| O|  |TAMS 0x0000000608400000, 0x0000000608400000| Untracked 
|  31|0x0000000608800000, 0x0000000608c00000, 0x0000000608c00000|100%| O|  |TAMS 0x0000000608800000, 0x0000000608800000| Untracked 
|  32|0x0000000608c00000, 0x0000000608da5000, 0x0000000609000000| 41%| O|  |TAMS 0x0000000608c00000, 0x0000000608c00000| Complete 
|  33|0x0000000609000000, 0x0000000609000000, 0x0000000609400000|  0%| F|  |TAMS 0x0000000609000000, 0x0000000609000000| Untracked 
|  34|0x0000000609400000, 0x0000000609400000, 0x0000000609800000|  0%| F|  |TAMS 0x0000000609400000, 0x0000000609400000| Untracked 
|  35|0x0000000609800000, 0x0000000609800000, 0x0000000609c00000|  0%| F|  |TAMS 0x0000000609800000, 0x0000000609800000| Untracked 
|  36|0x0000000609c00000, 0x0000000609c00000, 0x000000060a000000|  0%| F|  |TAMS 0x0000000609c00000, 0x0000000609c00000| Untracked 
|  37|0x000000060a000000, 0x000000060a000000, 0x000000060a400000|  0%| F|  |TAMS 0x000000060a000000, 0x000000060a000000| Untracked 
|  38|0x000000060a400000, 0x000000060a400000, 0x000000060a800000|  0%| F|  |TAMS 0x000000060a400000, 0x000000060a400000| Untracked 
|  39|0x000000060a800000, 0x000000060a800000, 0x000000060ac00000|  0%| F|  |TAMS 0x000000060a800000, 0x000000060a800000| Untracked 
|  40|0x000000060ac00000, 0x000000060ac00000, 0x000000060b000000|  0%| F|  |TAMS 0x000000060ac00000, 0x000000060ac00000| Untracked 
|  41|0x000000060b000000, 0x000000060b000000, 0x000000060b400000|  0%| F|  |TAMS 0x000000060b000000, 0x000000060b000000| Untracked 
|  42|0x000000060b400000, 0x000000060b400000, 0x000000060b800000|  0%| F|  |TAMS 0x000000060b400000, 0x000000060b400000| Untracked 
|  43|0x000000060b800000, 0x000000060b800000, 0x000000060bc00000|  0%| F|  |TAMS 0x000000060b800000, 0x000000060b800000| Untracked 
|  44|0x000000060bc00000, 0x000000060bc00000, 0x000000060c000000|  0%| F|  |TAMS 0x000000060bc00000, 0x000000060bc00000| Untracked 
|  45|0x000000060c000000, 0x000000060c000000, 0x000000060c400000|  0%| F|  |TAMS 0x000000060c000000, 0x000000060c000000| Untracked 
|  46|0x000000060c400000, 0x000000060c400000, 0x000000060c800000|  0%| F|  |TAMS 0x000000060c400000, 0x000000060c400000| Untracked 
|  47|0x000000060c800000, 0x000000060c800000, 0x000000060cc00000|  0%| F|  |TAMS 0x000000060c800000, 0x000000060c800000| Untracked 
|  48|0x000000060cc00000, 0x000000060cc00000, 0x000000060d000000|  0%| F|  |TAMS 0x000000060cc00000, 0x000000060cc00000| Untracked 
|  49|0x000000060d000000, 0x000000060d000000, 0x000000060d400000|  0%| F|  |TAMS 0x000000060d000000, 0x000000060d000000| Untracked 
|  50|0x000000060d400000, 0x000000060d400000, 0x000000060d800000|  0%| F|  |TAMS 0x000000060d400000, 0x000000060d400000| Untracked 
|  51|0x000000060d800000, 0x000000060d800000, 0x000000060dc00000|  0%| F|  |TAMS 0x000000060d800000, 0x000000060d800000| Untracked 
|  52|0x000000060dc00000, 0x000000060dc00000, 0x000000060e000000|  0%| F|  |TAMS 0x000000060dc00000, 0x000000060dc00000| Untracked 
|  53|0x000000060e000000, 0x000000060e000000, 0x000000060e400000|  0%| F|  |TAMS 0x000000060e000000, 0x000000060e000000| Untracked 
|  54|0x000000060e400000, 0x000000060e400000, 0x000000060e800000|  0%| F|  |TAMS 0x000000060e400000, 0x000000060e400000| Untracked 
|  55|0x000000060e800000, 0x000000060e800000, 0x000000060ec00000|  0%| F|  |TAMS 0x000000060e800000, 0x000000060e800000| Untracked 
|  56|0x000000060ec00000, 0x000000060ec00000, 0x000000060f000000|  0%| F|  |TAMS 0x000000060ec00000, 0x000000060ec00000| Untracked 
|  57|0x000000060f000000, 0x000000060f000000, 0x000000060f400000|  0%| F|  |TAMS 0x000000060f000000, 0x000000060f000000| Untracked 
|  58|0x000000060f400000, 0x000000060f400000, 0x000000060f800000|  0%| F|  |TAMS 0x000000060f400000, 0x000000060f400000| Untracked 
|  59|0x000000060f800000, 0x000000060f800000, 0x000000060fc00000|  0%| F|  |TAMS 0x000000060f800000, 0x000000060f800000| Untracked 
|  60|0x000000060fc00000, 0x000000060fc00000, 0x0000000610000000|  0%| F|  |TAMS 0x000000060fc00000, 0x000000060fc00000| Untracked 
|  61|0x0000000610000000, 0x0000000610000000, 0x0000000610400000|  0%| F|  |TAMS 0x0000000610000000, 0x0000000610000000| Untracked 
|  62|0x0000000610400000, 0x0000000610400000, 0x0000000610800000|  0%| F|  |TAMS 0x0000000610400000, 0x0000000610400000| Untracked 
|  63|0x0000000610800000, 0x0000000610800000, 0x0000000610c00000|  0%| F|  |TAMS 0x0000000610800000, 0x0000000610800000| Untracked 
|  64|0x0000000610c00000, 0x0000000610c00000, 0x0000000611000000|  0%| F|  |TAMS 0x0000000610c00000, 0x0000000610c00000| Untracked 
|  65|0x0000000611000000, 0x0000000611000000, 0x0000000611400000|  0%| F|  |TAMS 0x0000000611000000, 0x0000000611000000| Untracked 
|  66|0x0000000611400000, 0x0000000611400000, 0x0000000611800000|  0%| F|  |TAMS 0x0000000611400000, 0x0000000611400000| Untracked 
|  67|0x0000000611800000, 0x0000000611800000, 0x0000000611c00000|  0%| F|  |TAMS 0x0000000611800000, 0x0000000611800000| Untracked 
|  68|0x0000000611c00000, 0x0000000611c00000, 0x0000000612000000|  0%| F|  |TAMS 0x0000000611c00000, 0x0000000611c00000| Untracked 
|  69|0x0000000612000000, 0x0000000612000000, 0x0000000612400000|  0%| F|  |TAMS 0x0000000612000000, 0x0000000612000000| Untracked 
|  70|0x0000000612400000, 0x0000000612400000, 0x0000000612800000|  0%| F|  |TAMS 0x0000000612400000, 0x0000000612400000| Untracked 
|  71|0x0000000612800000, 0x0000000612800000, 0x0000000612c00000|  0%| F|  |TAMS 0x0000000612800000, 0x0000000612800000| Untracked 
|  72|0x0000000612c00000, 0x0000000612c00000, 0x0000000613000000|  0%| F|  |TAMS 0x0000000612c00000, 0x0000000612c00000| Untracked 
|  73|0x0000000613000000, 0x0000000613000000, 0x0000000613400000|  0%| F|  |TAMS 0x0000000613000000, 0x0000000613000000| Untracked 
|  74|0x0000000613400000, 0x0000000613400000, 0x0000000613800000|  0%| F|  |TAMS 0x0000000613400000, 0x0000000613400000| Untracked 
|  75|0x0000000613800000, 0x0000000613800000, 0x0000000613c00000|  0%| F|  |TAMS 0x0000000613800000, 0x0000000613800000| Untracked 
|  76|0x0000000613c00000, 0x0000000613c00000, 0x0000000614000000|  0%| F|  |TAMS 0x0000000613c00000, 0x0000000613c00000| Untracked 
|  77|0x0000000614000000, 0x0000000614000000, 0x0000000614400000|  0%| F|  |TAMS 0x0000000614000000, 0x0000000614000000| Untracked 
|  78|0x0000000614400000, 0x00000006146dfdb8, 0x0000000614800000| 71%| E|  |TAMS 0x0000000614400000, 0x0000000614400000| Complete 
|  79|0x0000000614800000, 0x0000000614c00000, 0x0000000614c00000|100%| E|CS|TAMS 0x0000000614800000, 0x0000000614800000| Complete 
| 118|0x000000061e400000, 0x000000061e800000, 0x000000061e800000|100%| S|CS|TAMS 0x000000061e400000, 0x000000061e400000| Complete 
| 119|0x000000061e800000, 0x000000061ec00000, 0x000000061ec00000|100%| S|CS|TAMS 0x000000061e800000, 0x000000061e800000| Complete 
| 120|0x000000061ec00000, 0x000000061f000000, 0x000000061f000000|100%| S|CS|TAMS 0x000000061ec00000, 0x000000061ec00000| Complete 
| 127|0x0000000620800000, 0x0000000620c00000, 0x0000000620c00000|100%| E|CS|TAMS 0x0000000620800000, 0x0000000620800000| Complete 

Card table byte_map: [0x000001dc10000000,0x000001dc11000000] _byte_map_base: 0x000001dc0cffa000

Marking Bits (Prev, Next): (CMBitMap*) 0x000001dc7744b730, (CMBitMap*) 0x000001dc7744b6f0
 Prev Bits: [0x000001dc19fd0000, 0x000001dc21fa0000)
 Next Bits: [0x000001dc12000000, 0x000001dc19fd0000)

Polling page: 0x000001dc75310000

Metaspace:

Usage:
  Non-class:     19.05 MB used.
      Class:      2.77 MB used.
       Both:     21.82 MB used.

Virtual space:
  Non-class space:       64.00 MB reserved,      19.19 MB ( 30%) committed,  1 nodes.
      Class space:        1.00 GB reserved,       2.94 MB ( <1%) committed,  1 nodes.
             Both:        1.06 GB reserved,      22.12 MB (  2%) committed. 

Chunk freelists:
   Non-Class:  12.78 MB
       Class:  13.05 MB
        Both:  25.83 MB

MaxMetaspaceSize: unlimited
CompressedClassSpaceSize: 1.00 GB
Initial GC threshold: 21.00 MB
Current GC threshold: 35.12 MB
CDS: on
MetaspaceReclaimPolicy: balanced
 - commit_granule_bytes: 65536.
 - commit_granule_words: 8192.
 - virtual_space_node_default_size: 8388608.
 - enlarge_chunks_in_place: 1.
 - new_chunks_are_fully_committed: 0.
 - uncommit_free_chunks: 1.
 - use_allocation_guard: 0.
 - handle_deallocations: 1.


Internal statistics:

num_allocs_failed_limit: 3.
num_arena_births: 252.
num_arena_deaths: 0.
num_vsnodes_births: 2.
num_vsnodes_deaths: 0.
num_space_committed: 354.
num_space_uncommitted: 0.
num_chunks_returned_to_freelist: 3.
num_chunks_taken_from_freelist: 838.
num_chunk_merges: 3.
num_chunk_splits: 543.
num_chunks_enlarged: 376.
num_inconsistent_stats: 0.

CodeHeap 'non-profiled nmethods': size=120000Kb used=1751Kb max_used=1751Kb free=118249Kb
 bounds [0x000001dc07ad0000, 0x000001dc07d40000, 0x000001dc0f000000]
CodeHeap 'profiled nmethods': size=120000Kb used=7452Kb max_used=7452Kb free=112547Kb
 bounds [0x000001dc00000000, 0x000001dc00750000, 0x000001dc07530000]
CodeHeap 'non-nmethods': size=5760Kb used=1482Kb max_used=1558Kb free=4277Kb
 bounds [0x000001dc07530000, 0x000001dc077a0000, 0x000001dc07ad0000]
 total_blobs=4640 nmethods=3789 adapters=761
 compilation: enabled
              stopped_count=0, restarted_count=0
 full_count=0

Compilation events (20 events):
Event: 8.917 Thread 0x000001dc650334f0 nmethod 3780 0x000001dc00742490 code [0x000001dc00742680, 0x000001dc00742a48]
Event: 8.917 Thread 0x000001dc650334f0 3781       3       javafx.scene.Camera::getFarClip (21 bytes)
Event: 8.917 Thread 0x000001dc650334f0 nmethod 3781 0x000001dc00742b90 code [0x000001dc00742d80, 0x000001dc00743148]
Event: 8.919 Thread 0x000001dc650334f0 3782       3       com.sun.javafx.css.PseudoClassState::add (6 bytes)
Event: 8.919 Thread 0x000001dc650334f0 nmethod 3782 0x000001dc00743290 code [0x000001dc00743420, 0x000001dc00743568]
Event: 9.843 Thread 0x000001dc650334f0 3783       3       java.security.AccessController::getContext (23 bytes)
Event: 9.844 Thread 0x000001dc650334f0 nmethod 3783 0x000001dc00743610 code [0x000001dc007437e0, 0x000001dc00743ab8]
Event: 9.844 Thread 0x000001dc650334f0 3786       3       java.lang.invoke.InnerClassLambdaMetafactory$ForwardingMethodGenerator::convertArgumentTypes (96 bytes)
Event: 9.844 Thread 0x000001dc65028a20 3791       4       java.lang.invoke.MethodType::makeImpl (109 bytes)
Event: 9.845 Thread 0x000001dc650334f0 nmethod 3786 0x000001dc00743c10 code [0x000001dc00743e60, 0x000001dc00744918]
Event: 9.845 Thread 0x000001dc650334f0 3785       3       jdk.internal.org.objectweb.asm.MethodVisitor::visitCode (15 bytes)
Event: 9.845 Thread 0x000001dc650334f0 nmethod 3785 0x000001dc00744e90 code [0x000001dc00745040, 0x000001dc00745248]
Event: 9.845 Thread 0x000001dc650334f0 3787       3       java.lang.invoke.InnerClassLambdaMetafactory$ForwardingMethodGenerator::invocationOpcode (104 bytes)
Event: 9.845 Thread 0x000001dc650334f0 nmethod 3787 0x000001dc00745310 code [0x000001dc00745560, 0x000001dc00745d98]
Event: 9.845 Thread 0x000001dc650334f0 3788       3       jdk.internal.org.objectweb.asm.MethodVisitor::visitMethodInsn (80 bytes)
Event: 9.846 Thread 0x000001dc650334f0 nmethod 3788 0x000001dc00746090 code [0x000001dc00746260, 0x000001dc00746748]
Event: 9.846 Thread 0x000001dc650334f0 3789       3       java.lang.invoke.InnerClassLambdaMetafactory::getReturnOpcode (20 bytes)
Event: 9.846 Thread 0x000001dc650334f0 nmethod 3789 0x000001dc00746890 code [0x000001dc00746a40, 0x000001dc00746bc8]
Event: 9.846 Thread 0x000001dc650334f0 3790       3       jdk.internal.org.objectweb.asm.MethodVisitor::visitMaxs (17 bytes)
Event: 9.846 Thread 0x000001dc650334f0 nmethod 3790 0x000001dc00746c90 code [0x000001dc00746e40, 0x000001dc00747048]

GC Heap History (6 events):
Event: 0.610 GC heap before
{Heap before GC invocations=0 (full 0):
 garbage-first heap   total 524288K, used 20480K [0x0000000600c00000, 0x0000000800000000)
  region size 4096K, 6 young (24576K), 0 survivors (0K)
 Metaspace       used 6304K, committed 6400K, reserved 1114112K
  class space    used 735K, committed 768K, reserved 1048576K
}
Event: 0.612 GC heap after
{Heap after GC invocations=1 (full 0):
 garbage-first heap   total 524288K, used 3062K [0x0000000600c00000, 0x0000000800000000)
  region size 4096K, 1 young (4096K), 1 survivors (4096K)
 Metaspace       used 6304K, committed 6400K, reserved 1114112K
  class space    used 735K, committed 768K, reserved 1048576K
}
Event: 2.189 GC heap before
{Heap before GC invocations=1 (full 0):
 garbage-first heap   total 524288K, used 105462K [0x0000000600c00000, 0x0000000800000000)
  region size 4096K, 11 young (45056K), 1 survivors (4096K)
 Metaspace       used 18931K, committed 19200K, reserved 1114112K
  class space    used 2426K, committed 2560K, reserved 1048576K
}
Event: 2.194 GC heap after
{Heap after GC invocations=2 (full 0):
 garbage-first heap   total 524288K, used 70320K [0x0000000600c00000, 0x0000000800000000)
  region size 4096K, 2 young (8192K), 2 survivors (8192K)
 Metaspace       used 18931K, committed 19200K, reserved 1114112K
  class space    used 2426K, committed 2560K, reserved 1048576K
}
Event: 3.504 GC heap before
{Heap before GC invocations=2 (full 0):
 garbage-first heap   total 524288K, used 148144K [0x0000000600c00000, 0x0000000800000000)
  region size 4096K, 9 young (36864K), 2 survivors (8192K)
 Metaspace       used 21224K, committed 21504K, reserved 1114112K
  class space    used 2722K, committed 2880K, reserved 1048576K
}
Event: 3.509 GC heap after
{Heap after GC invocations=3 (full 0):
 garbage-first heap   total 524288K, used 95892K [0x0000000600c00000, 0x0000000800000000)
  region size 4096K, 3 young (12288K), 3 survivors (12288K)
 Metaspace       used 21224K, committed 21504K, reserved 1114112K
  class space    used 2722K, committed 2880K, reserved 1048576K
}

Deoptimization events (20 events):
Event: 2.625 Thread 0x000001dc65caa030 DEOPT PACKING pc=0x000001dc07bccb90 sp=0x000000b43d9fc7a0
Event: 2.625 Thread 0x000001dc65caa030 DEOPT UNPACKING pc=0x000001dc075823a3 sp=0x000000b43d9fc740 mode 2
Event: 2.847 Thread 0x000001dc65caa030 Uncommon trap: trap_request=0xffffff45 fr.pc=0x000001dc07b8a66c relative=0x00000000000002ac
Event: 2.847 Thread 0x000001dc65caa030 Uncommon trap: reason=unstable_if action=reinterpret pc=0x000001dc07b8a66c method=java.lang.CharacterDataLatin1.digit(II)I @ 12 c2
Event: 2.847 Thread 0x000001dc65caa030 DEOPT PACKING pc=0x000001dc07b8a66c sp=0x000000b43d9fbb90
Event: 2.847 Thread 0x000001dc65caa030 DEOPT UNPACKING pc=0x000001dc075823a3 sp=0x000000b43d9fb9c0 mode 2
Event: 2.884 Thread 0x000001dc65caa030 Uncommon trap: trap_request=0xffffff45 fr.pc=0x000001dc07bd8210 relative=0x0000000000000250
Event: 2.884 Thread 0x000001dc65caa030 Uncommon trap: reason=unstable_if action=reinterpret pc=0x000001dc07bd8210 method=java.util.HashMap.hash(Ljava/lang/Object;)I @ 1 c2
Event: 2.884 Thread 0x000001dc65caa030 DEOPT PACKING pc=0x000001dc07bd8210 sp=0x000000b43d9fbd20
Event: 2.884 Thread 0x000001dc65caa030 DEOPT UNPACKING pc=0x000001dc075823a3 sp=0x000000b43d9fbbb8 mode 2
Event: 2.884 Thread 0x000001dc65caa030 Uncommon trap: trap_request=0xffffff45 fr.pc=0x000001dc07b874f8 relative=0x00000000000000d8
Event: 2.884 Thread 0x000001dc65caa030 Uncommon trap: reason=unstable_if action=reinterpret pc=0x000001dc07b874f8 method=java.util.HashMap.hash(Ljava/lang/Object;)I @ 1 c2
Event: 2.884 Thread 0x000001dc65caa030 DEOPT PACKING pc=0x000001dc07b874f8 sp=0x000000b43d9fbd20
Event: 2.884 Thread 0x000001dc65caa030 DEOPT UNPACKING pc=0x000001dc075823a3 sp=0x000000b43d9fbc60 mode 2
Event: 2.885 Thread 0x000001dc65caa030 Uncommon trap: trap_request=0xffffff45 fr.pc=0x000001dc07bb558c relative=0x000000000000024c
Event: 2.885 Thread 0x000001dc65caa030 Uncommon trap: reason=unstable_if action=reinterpret pc=0x000001dc07bb558c method=java.util.HashMap.hash(Ljava/lang/Object;)I @ 1 c2
Event: 2.885 Thread 0x000001dc65caa030 DEOPT PACKING pc=0x000001dc07bb558c sp=0x000000b43d9fbcb0
Event: 2.885 Thread 0x000001dc65caa030 DEOPT UNPACKING pc=0x000001dc075823a3 sp=0x000000b43d9fbbb8 mode 2
Event: 3.101 Thread 0x000001dc86a37b50 DEOPT PACKING pc=0x000001dc00584234 sp=0x000000b43f71f280
Event: 3.101 Thread 0x000001dc86a37b50 DEOPT UNPACKING pc=0x000001dc07582b43 sp=0x000000b43f71e748 mode 0

Classes unloaded (0 events):
No events

Classes redefined (0 events):
No events

Internal exceptions (20 events):
Event: 1.224 Thread 0x000001dc65caa030 Exception <a 'java/lang/NoSuchMethodError'{0x000000061f4594e8}: 'int java.lang.invoke.DirectMethodHandle$Holder.invokeStaticInit(java.lang.Object, java.lang.Object)'> (0x000000061f4594e8) 
thrown [s\open\src\hotspot\share\interpreter\linkResolver.cpp, line 759]
Event: 1.274 Thread 0x000001dc65caa030 Exception <a 'java/lang/NoSuchMethodError'{0x000000061ec88d80}: 'java.lang.Object java.lang.invoke.DirectMethodHandle$Holder.invokeStaticInit(java.lang.Object, int, int, int, int)'> (0x000000061ec88d80) 
thrown [s\open\src\hotspot\share\interpreter\linkResolver.cpp, line 759]
Event: 1.315 Thread 0x000001dc65caa030 Exception <a 'java/lang/NoSuchMethodError'{0x000000061ed4ef10}: 'java.lang.Object java.lang.invoke.DirectMethodHandle$Holder.invokeStaticInit(java.lang.Object, java.lang.Object, int, int, int, int)'> (0x000000061ed4ef10) 
thrown [s\open\src\hotspot\share\interpreter\linkResolver.cpp, line 759]
Event: 2.160 Thread 0x000001dc65caa030 Exception <a 'java/lang/NoSuchMethodError'{0x000000061e185b50}: 'java.lang.Object java.lang.invoke.DirectMethodHandle$Holder.invokeInterface(java.lang.Object, java.lang.Object, java.lang.Object)'> (0x000000061e185b50) 
thrown [s\open\src\hotspot\share\interpreter\linkResolver.cpp, line 759]
Event: 2.160 Thread 0x000001dc65caa030 Exception <a 'java/lang/IncompatibleClassChangeError'{0x000000061e1894d8}: Found class java.lang.Object, but interface was expected> (0x000000061e1894d8) 
thrown [s\open\src\hotspot\share\interpreter\linkResolver.cpp, line 826]
Event: 2.174 Thread 0x000001dc65caa030 Exception <a 'java/lang/NoSuchMethodError'{0x000000061e260968}: 'java.lang.Object java.lang.invoke.DirectMethodHandle$Holder.newInvokeSpecial(java.lang.Object, java.lang.Object, int)'> (0x000000061e260968) 
thrown [s\open\src\hotspot\share\interpreter\linkResolver.cpp, line 759]
Event: 2.180 Thread 0x000001dc65caa030 Exception <a 'java/lang/NoSuchMethodError'{0x000000061e350b40}: 'long java.lang.invoke.DirectMethodHandle$Holder.invokeStatic(java.lang.Object, java.lang.Object, java.lang.Object)'> (0x000000061e350b40) 
thrown [s\open\src\hotspot\share\interpreter\linkResolver.cpp, line 759]
Event: 2.181 Thread 0x000001dc65caa030 Exception <a 'java/lang/NoSuchMethodError'{0x000000061e3542e8}: 'long java.lang.invoke.DirectMethodHandle$Holder.invokeStaticInit(java.lang.Object, java.lang.Object, java.lang.Object)'> (0x000000061e3542e8) 
thrown [s\open\src\hotspot\share\interpreter\linkResolver.cpp, line 759]
Event: 2.182 Thread 0x000001dc65caa030 Exception <a 'java/lang/NoSuchMethodError'{0x000000061e36bef0}: 'java.lang.Object java.lang.invoke.DirectMethodHandle$Holder.newInvokeSpecial(java.lang.Object, java.lang.Object, long)'> (0x000000061e36bef0) 
thrown [s\open\src\hotspot\share\interpreter\linkResolver.cpp, line 759]
Event: 2.182 Thread 0x000001dc65caa030 Exception <a 'java/lang/NoSuchMethodError'{0x000000061e36fa60}: 'java.lang.Object java.lang.invoke.Invokers$Holder.linkToTargetMethod(java.lang.Object, long, java.lang.Object)'> (0x000000061e36fa60) 
thrown [s\open\src\hotspot\share\interpreter\linkResolver.cpp, line 759]
Event: 2.240 Thread 0x000001dc6562c460 Exception <a 'java/lang/NoSuchMethodError'{0x00000006209be4c8}: 'java.lang.Object java.lang.invoke.DirectMethodHandle$Holder.invokeStaticInit(java.lang.Object, int)'> (0x00000006209be4c8) 
thrown [s\open\src\hotspot\share\interpreter\linkResolver.cpp, line 759]
Event: 2.836 Thread 0x000001dc65caa030 Exception <a 'java/lang/NoSuchMethodError'{0x000000061f4765c8}: 'java.lang.Object java.lang.invoke.DirectMethodHandle$Holder.newInvokeSpecial(java.lang.Object, java.lang.Object, java.lang.Object, int, java.lang.Object)'> (0x000000061f4765c8) 
thrown [s\open\src\hotspot\share\interpreter\linkResolver.cpp, line 759]
Event: 2.836 Thread 0x000001dc65caa030 Exception <a 'java/lang/NoSuchMethodError'{0x000000061f47e240}: 'java.lang.Object java.lang.invoke.Invokers$Holder.linkToTargetMethod(java.lang.Object, java.lang.Object, int, java.lang.Object, java.lang.Object)'> (0x000000061f47e240) 
thrown [s\open\src\hotspot\share\interpreter\linkResolver.cpp, line 759]
Event: 2.846 Thread 0x000001dc65caa030 Exception <a 'java/io/FileNotFoundException'{0x000000061f7fc4f8}> (0x000000061f7fc4f8) 
thrown [s\open\src\hotspot\share\prims\jni.cpp, line 516]
Event: 2.884 Thread 0x000001dc65caa030 Implicit null exception at 0x000001dc07bd800f to 0x000001dc07bd81f8
Event: 2.884 Thread 0x000001dc65caa030 Implicit null exception at 0x000001dc07b87458 to 0x000001dc07b874ee
Event: 2.885 Thread 0x000001dc65caa030 Implicit null exception at 0x000001dc07bb5394 to 0x000001dc07bb5574
Event: 4.030 Thread 0x000001dc65caa030 Exception <a 'java/lang/ClassNotFoundException'{0x0000000620b2a7d8}: com/sun/javafx/scene/control/skin/resources/controls> (0x0000000620b2a7d8) 
thrown [s\open\src\hotspot\share\prims\jni.cpp, line 535]
Event: 4.031 Thread 0x000001dc65caa030 Exception <a 'java/lang/ClassNotFoundException'{0x0000000620b38a70}: com/sun/javafx/scene/control/skin/resources/controls_es> (0x0000000620b38a70) 
thrown [s\open\src\hotspot\share\prims\jni.cpp, line 535]
Event: 4.032 Thread 0x000001dc65caa030 Exception <a 'java/lang/ClassNotFoundException'{0x0000000620b469c8}: com/sun/javafx/scene/control/skin/resources/controls_es_CO> (0x0000000620b469c8) 
thrown [s\open\src\hotspot\share\prims\jni.cpp, line 535]

VM Operations (20 events):
Event: 2.617 Executing VM operation: HandshakeAllThreads done
Event: 2.905 Executing VM operation: ICBufferFull
Event: 2.905 Executing VM operation: ICBufferFull done
Event: 3.504 Executing VM operation: CollectForMetadataAllocation
Event: 3.509 Executing VM operation: CollectForMetadataAllocation done
Event: 3.512 Executing VM operation: G1Concurrent
Event: 3.513 Executing VM operation: G1Concurrent done
Event: 3.514 Executing VM operation: G1Concurrent
Event: 3.514 Executing VM operation: G1Concurrent done
Event: 4.825 Executing VM operation: ICBufferFull
Event: 4.825 Executing VM operation: ICBufferFull done
Event: 5.825 Executing VM operation: Cleanup
Event: 5.825 Executing VM operation: Cleanup done
Event: 6.826 Executing VM operation: Cleanup
Event: 6.826 Executing VM operation: Cleanup done
Event: 8.827 Executing VM operation: Cleanup
Event: 8.827 Executing VM operation: Cleanup done
Event: 9.828 Executing VM operation: Cleanup
Event: 9.828 Executing VM operation: Cleanup done
Event: 9.865 Executing VM operation: Exit

Events (20 events):
Event: 6.583 loading class sun/security/ssl/Alert done
Event: 6.583 loading class sun/security/ssl/Alert$AlertConsumer
Event: 6.583 loading class sun/security/ssl/Alert$AlertConsumer done
Event: 6.583 loading class sun/security/ssl/Alert$Level
Event: 6.583 loading class sun/security/ssl/Alert$Level done
Event: 6.585 loading class java/net/SocketTimeoutException
Event: 6.585 loading class java/io/InterruptedIOException
Event: 6.585 loading class java/io/InterruptedIOException done
Event: 6.585 loading class java/net/SocketTimeoutException done
Event: 9.843 loading class jdk/internal/misc/Signal$1
Event: 9.843 loading class jdk/internal/misc/Signal$1 done
Event: 9.844 Thread 0x000001dc86a3a3d0 Thread added: 0x000001dc86a3a3d0
Event: 9.844 Thread 0x000001dc86a36200 Thread added: 0x000001dc86a36200
Event: 9.844 Thread 0x000001dc86a38060 Thread added: 0x000001dc86a38060
Event: 9.844 Thread 0x000001dc86a3a8e0 Thread added: 0x000001dc86a3a8e0
Event: 9.844 Thread 0x000001dc86a3a8e0 Thread exited: 0x000001dc86a3a8e0
Event: 9.845 Thread 0x000001dc86a36200 Thread exited: 0x000001dc86a36200
Event: 9.859 Thread 0x000001dc6562c460 Thread exited: 0x000001dc6562c460
Event: 9.865 Thread 0x000001dc86a38060 Thread exited: 0x000001dc86a38060
Event: 9.865 Thread 0x000001dc65020b20 Thread exited: 0x000001dc65020b20


Dynamic libraries:
0x00007ff6ed640000 - 0x00007ff6ed650000 	C:\Program Files\Java\jdk-17\bin\java.exe
0x00007ffd80030000 - 0x00007ffd80228000 	C:\Windows\SYSTEM32\ntdll.dll
0x00007ffd7f710000 - 0x00007ffd7f7cd000 	C:\Windows\System32\KERNEL32.DLL
0x00007ffd7d750000 - 0x00007ffd7da1e000 	C:\Windows\System32\KERNELBASE.dll
0x00007ffd7dc00000 - 0x00007ffd7dd00000 	C:\Windows\System32\ucrtbase.dll
0x00007ffd78db0000 - 0x00007ffd78dcb000 	C:\Program Files\Java\jdk-17\bin\VCRUNTIME140.dll
0x00007ffd78ff0000 - 0x00007ffd79009000 	C:\Program Files\Java\jdk-17\bin\jli.dll
0x00007ffd7fdb0000 - 0x00007ffd7fe5e000 	C:\Windows\System32\ADVAPI32.dll
0x00007ffd7fb00000 - 0x00007ffd7fb9e000 	C:\Windows\System32\msvcrt.dll
0x00007ffd7f390000 - 0x00007ffd7f42c000 	C:\Windows\System32\sechost.dll
0x00007ffd7fba0000 - 0x00007ffd7fcc5000 	C:\Windows\System32\RPCRT4.dll
0x00007ffd7e090000 - 0x00007ffd7e230000 	C:\Windows\System32\USER32.dll
0x00007ffd7dbd0000 - 0x00007ffd7dbf2000 	C:\Windows\System32\win32u.dll
0x00007ffd6d870000 - 0x00007ffd6db0a000 	C:\Windows\WinSxS\amd64_microsoft.windows.common-controls_6595b64144ccf1df_6.0.19041.1110_none_60b5254171f9507e\COMCTL32.dll
0x00007ffd7f6c0000 - 0x00007ffd7f6ea000 	C:\Windows\System32\GDI32.dll
0x00007ffd7df80000 - 0x00007ffd7e08b000 	C:\Windows\System32\gdi32full.dll
0x00007ffd7de40000 - 0x00007ffd7dedd000 	C:\Windows\System32\msvcp_win.dll
0x00007ffd76e20000 - 0x00007ffd76e2a000 	C:\Windows\SYSTEM32\VERSION.dll
0x00007ffd7fa40000 - 0x00007ffd7fa70000 	C:\Windows\System32\IMM32.DLL
0x00007ffd7aae0000 - 0x00007ffd7aaec000 	C:\Program Files\Java\jdk-17\bin\vcruntime140_1.dll
0x00007ffd72c20000 - 0x00007ffd72cae000 	C:\Program Files\Java\jdk-17\bin\msvcp140.dll
0x00007ffd31b60000 - 0x00007ffd32741000 	C:\Program Files\Java\jdk-17\bin\server\jvm.dll
0x00007ffd7f630000 - 0x00007ffd7f638000 	C:\Windows\System32\PSAPI.DLL
0x00007ffd64b70000 - 0x00007ffd64b79000 	C:\Windows\SYSTEM32\WSOCK32.dll
0x00007ffd6cd30000 - 0x00007ffd6cd57000 	C:\Windows\SYSTEM32\WINMM.dll
0x00007ffd7f640000 - 0x00007ffd7f6ab000 	C:\Windows\System32\WS2_32.dll
0x00007ffd7bff0000 - 0x00007ffd7c002000 	C:\Windows\SYSTEM32\kernel.appcore.dll
0x00007ffd7aa60000 - 0x00007ffd7aa6a000 	C:\Program Files\Java\jdk-17\bin\jimage.dll
0x00007ffd7bde0000 - 0x00007ffd7bfc4000 	C:\Windows\SYSTEM32\DBGHELP.DLL
0x00007ffd5d940000 - 0x00007ffd5d96c000 	C:\Windows\SYSTEM32\dbgcore.DLL
0x00007ffd7dd00000 - 0x00007ffd7dd82000 	C:\Windows\System32\bcryptPrimitives.dll
0x00007ffd78da0000 - 0x00007ffd78dae000 	C:\Program Files\Java\jdk-17\bin\instrument.dll
0x00007ffd77c80000 - 0x00007ffd77ca5000 	C:\Program Files\Java\jdk-17\bin\java.dll
0x00007ffd4c200000 - 0x00007ffd4c2d7000 	C:\Program Files\Java\jdk-17\bin\jsvml.dll
0x00007ffd7ec40000 - 0x00007ffd7f383000 	C:\Windows\System32\SHELL32.dll
0x00007ffd7b540000 - 0x00007ffd7bcd5000 	C:\Windows\SYSTEM32\windows.storage.dll
0x00007ffd7e6a0000 - 0x00007ffd7e9f4000 	C:\Windows\System32\combase.dll
0x00007ffd7d1b0000 - 0x00007ffd7d1e0000 	C:\Windows\SYSTEM32\Wldp.dll
0x00007ffd7ea00000 - 0x00007ffd7eaad000 	C:\Windows\System32\SHCORE.dll
0x00007ffd7f7d0000 - 0x00007ffd7f825000 	C:\Windows\System32\shlwapi.dll
0x00007ffd7d690000 - 0x00007ffd7d6af000 	C:\Windows\SYSTEM32\profapi.dll
0x00007ffd77d00000 - 0x00007ffd77d19000 	C:\Program Files\Java\jdk-17\bin\net.dll
0x00007ffd729f0000 - 0x00007ffd72afa000 	C:\Windows\SYSTEM32\WINHTTP.dll
0x00007ffd7cf10000 - 0x00007ffd7cf7a000 	C:\Windows\system32\mswsock.dll
0x00007ffd77cd0000 - 0x00007ffd77ce6000 	C:\Program Files\Java\jdk-17\bin\nio.dll
0x00007ffd77ab0000 - 0x00007ffd77ac8000 	C:\Program Files\Java\jdk-17\bin\zip.dll
0x00007ffd77a60000 - 0x00007ffd77a7a000 	C:\Program Files\JetBrains\IntelliJ IDEA 2024.2.0.2\bin\breakgen64.dll
0x000001dc23fc0000 - 0x000001dc23fc3000 	C:\Users\Windows 10 Pro\.openjfx\cache\17.0.6\api-ms-win-core-console-l1-1-0.dll
0x000001dc23fd0000 - 0x000001dc23fd3000 	C:\Users\Windows 10 Pro\.openjfx\cache\17.0.6\api-ms-win-core-console-l1-2-0.dll
0x000001dc23fe0000 - 0x000001dc23fe3000 	C:\Users\Windows 10 Pro\.openjfx\cache\17.0.6\api-ms-win-core-datetime-l1-1-0.dll
0x000001dc23ff0000 - 0x000001dc23ff3000 	C:\Users\Windows 10 Pro\.openjfx\cache\17.0.6\api-ms-win-core-debug-l1-1-0.dll
0x000001dc65d20000 - 0x000001dc65d23000 	C:\Users\Windows 10 Pro\.openjfx\cache\17.0.6\api-ms-win-core-errorhandling-l1-1-0.dll
0x000001dc65d30000 - 0x000001dc65d34000 	C:\Users\Windows 10 Pro\.openjfx\cache\17.0.6\api-ms-win-core-file-l1-1-0.dll
0x000001dc65d40000 - 0x000001dc65d43000 	C:\Users\Windows 10 Pro\.openjfx\cache\17.0.6\api-ms-win-core-file-l1-2-0.dll
0x000001dc65d50000 - 0x000001dc65d53000 	C:\Users\Windows 10 Pro\.openjfx\cache\17.0.6\api-ms-win-core-file-l2-1-0.dll
0x000001dc65d60000 - 0x000001dc65d63000 	C:\Users\Windows 10 Pro\.openjfx\cache\17.0.6\api-ms-win-core-handle-l1-1-0.dll
0x000001dc65d70000 - 0x000001dc65d73000 	C:\Users\Windows 10 Pro\.openjfx\cache\17.0.6\api-ms-win-core-heap-l1-1-0.dll
0x000001dc65d80000 - 0x000001dc65d83000 	C:\Users\Windows 10 Pro\.openjfx\cache\17.0.6\api-ms-win-core-interlocked-l1-1-0.dll
0x000001dc65d90000 - 0x000001dc65d93000 	C:\Users\Windows 10 Pro\.openjfx\cache\17.0.6\api-ms-win-core-libraryloader-l1-1-0.dll
0x000001dc65da0000 - 0x000001dc65da3000 	C:\Users\Windows 10 Pro\.openjfx\cache\17.0.6\api-ms-win-core-localization-l1-2-0.dll
0x000001dc65db0000 - 0x000001dc65db3000 	C:\Users\Windows 10 Pro\.openjfx\cache\17.0.6\api-ms-win-core-memory-l1-1-0.dll
0x000001dc65dc0000 - 0x000001dc65dc3000 	C:\Users\Windows 10 Pro\.openjfx\cache\17.0.6\api-ms-win-core-namedpipe-l1-1-0.dll
0x000001dc65dd0000 - 0x000001dc65dd3000 	C:\Users\Windows 10 Pro\.openjfx\cache\17.0.6\api-ms-win-core-processenvironment-l1-1-0.dll
0x000001dc65de0000 - 0x000001dc65de3000 	C:\Users\Windows 10 Pro\.openjfx\cache\17.0.6\api-ms-win-core-processthreads-l1-1-0.dll
0x000001dc65df0000 - 0x000001dc65df3000 	C:\Users\Windows 10 Pro\.openjfx\cache\17.0.6\api-ms-win-core-processthreads-l1-1-1.dll
0x000001dc65e00000 - 0x000001dc65e03000 	C:\Users\Windows 10 Pro\.openjfx\cache\17.0.6\api-ms-win-core-profile-l1-1-0.dll
0x000001dc65e10000 - 0x000001dc65e13000 	C:\Users\Windows 10 Pro\.openjfx\cache\17.0.6\api-ms-win-core-rtlsupport-l1-1-0.dll
0x000001dc65e20000 - 0x000001dc65e23000 	C:\Users\Windows 10 Pro\.openjfx\cache\17.0.6\api-ms-win-core-string-l1-1-0.dll
0x000001dc65e30000 - 0x000001dc65e33000 	C:\Users\Windows 10 Pro\.openjfx\cache\17.0.6\api-ms-win-core-synch-l1-1-0.dll
0x000001dc65e40000 - 0x000001dc65e43000 	C:\Users\Windows 10 Pro\.openjfx\cache\17.0.6\api-ms-win-core-synch-l1-2-0.dll
0x000001dc65e50000 - 0x000001dc65e53000 	C:\Users\Windows 10 Pro\.openjfx\cache\17.0.6\api-ms-win-core-sysinfo-l1-1-0.dll
0x000001dc65e60000 - 0x000001dc65e63000 	C:\Users\Windows 10 Pro\.openjfx\cache\17.0.6\api-ms-win-core-timezone-l1-1-0.dll
0x000001dc65e70000 - 0x000001dc65e73000 	C:\Users\Windows 10 Pro\.openjfx\cache\17.0.6\api-ms-win-core-util-l1-1-0.dll
0x000001dc65e80000 - 0x000001dc65e83000 	C:\Users\Windows 10 Pro\.openjfx\cache\17.0.6\api-ms-win-crt-conio-l1-1-0.dll
0x000001dc65e90000 - 0x000001dc65e94000 	C:\Users\Windows 10 Pro\.openjfx\cache\17.0.6\api-ms-win-crt-convert-l1-1-0.dll
0x000001dc65ea0000 - 0x000001dc65ea3000 	C:\Users\Windows 10 Pro\.openjfx\cache\17.0.6\api-ms-win-crt-environment-l1-1-0.dll
0x000001dc65eb0000 - 0x000001dc65eb3000 	C:\Users\Windows 10 Pro\.openjfx\cache\17.0.6\api-ms-win-crt-filesystem-l1-1-0.dll
0x000001dc65ec0000 - 0x000001dc65ec3000 	C:\Users\Windows 10 Pro\.openjfx\cache\17.0.6\api-ms-win-crt-heap-l1-1-0.dll
0x000001dc65ed0000 - 0x000001dc65ed3000 	C:\Users\Windows 10 Pro\.openjfx\cache\17.0.6\api-ms-win-crt-locale-l1-1-0.dll
0x000001dc65ee0000 - 0x000001dc65ee5000 	C:\Users\Windows 10 Pro\.openjfx\cache\17.0.6\api-ms-win-crt-math-l1-1-0.dll
0x000001dc65ef0000 - 0x000001dc65ef5000 	C:\Users\Windows 10 Pro\.openjfx\cache\17.0.6\api-ms-win-crt-multibyte-l1-1-0.dll
0x000001dc65f00000 - 0x000001dc65f10000 	C:\Users\Windows 10 Pro\.openjfx\cache\17.0.6\api-ms-win-crt-private-l1-1-0.dll
0x000001dc65f10000 - 0x000001dc65f13000 	C:\Users\Windows 10 Pro\.openjfx\cache\17.0.6\api-ms-win-crt-process-l1-1-0.dll
0x000001dc65f20000 - 0x000001dc65f24000 	C:\Users\Windows 10 Pro\.openjfx\cache\17.0.6\api-ms-win-crt-runtime-l1-1-0.dll
0x000001dc65f30000 - 0x000001dc65f34000 	C:\Users\Windows 10 Pro\.openjfx\cache\17.0.6\api-ms-win-crt-stdio-l1-1-0.dll
0x000001dc65f40000 - 0x000001dc65f44000 	C:\Users\Windows 10 Pro\.openjfx\cache\17.0.6\api-ms-win-crt-string-l1-1-0.dll
0x000001dc65f50000 - 0x000001dc65f53000 	C:\Users\Windows 10 Pro\.openjfx\cache\17.0.6\api-ms-win-crt-time-l1-1-0.dll
0x000001dc65f60000 - 0x000001dc65f63000 	C:\Users\Windows 10 Pro\.openjfx\cache\17.0.6\api-ms-win-crt-utility-l1-1-0.dll
0x00007ffd4c100000 - 0x00007ffd4c1fc000 	C:\Users\Windows 10 Pro\.openjfx\cache\17.0.6\ucrtbase.dll
0x00007ffd77a30000 - 0x00007ffd77a4a000 	C:\Users\Windows 10 Pro\.openjfx\cache\17.0.6\vcruntime140.dll
0x00007ffd72bf0000 - 0x00007ffd72bfc000 	C:\Users\Windows 10 Pro\.openjfx\cache\17.0.6\vcruntime140_1.dll
0x00007ffd4c070000 - 0x00007ffd4c0fd000 	C:\Users\Windows 10 Pro\.openjfx\cache\17.0.6\msvcp140.dll
0x00007ffd72be0000 - 0x00007ffd72be9000 	C:\Users\Windows 10 Pro\.openjfx\cache\17.0.6\msvcp140_1.dll
0x00007ffd52500000 - 0x00007ffd5252f000 	C:\Users\Windows 10 Pro\.openjfx\cache\17.0.6\msvcp140_2.dll
0x00007ffd524d0000 - 0x00007ffd524fa000 	C:\Users\Windows 10 Pro\.openjfx\cache\17.0.6\prism_d3d.dll
0x00007ffd5c330000 - 0x00007ffd5c4ff000 	C:\Windows\system32\d3d9.dll
0x00007ffd7af10000 - 0x00007ffd7af3f000 	C:\Windows\SYSTEM32\dwmapi.dll
0x00007ffd7ad20000 - 0x00007ffd7adbe000 	C:\Windows\system32\uxtheme.dll
0x00007ffd7d340000 - 0x00007ffd7d352000 	C:\Windows\SYSTEM32\msasn1.dll
0x00007ffd74680000 - 0x00007ffd746b1000 	C:\Windows\SYSTEM32\cryptnet.dll
0x00007ffd7da20000 - 0x00007ffd7db76000 	C:\Windows\System32\CRYPT32.dll
0x00007ffd7d100000 - 0x00007ffd7d10c000 	C:\Windows\SYSTEM32\cryptbase.dll
0x00007ffd74530000 - 0x00007ffd74678000 	C:\Windows\SYSTEM32\drvstore.dll
0x00007ffd7d500000 - 0x00007ffd7d52c000 	C:\Windows\SYSTEM32\devobj.dll
0x00007ffd7db80000 - 0x00007ffd7dbce000 	C:\Windows\System32\cfgmgr32.dll
0x00007ffd7dee0000 - 0x00007ffd7df49000 	C:\Windows\System32\wintrust.dll
0x00007ffd7f6f0000 - 0x00007ffd7f70d000 	C:\Windows\System32\imagehlp.dll
0x00007ffd7d110000 - 0x00007ffd7d128000 	C:\Windows\SYSTEM32\CRYPTSP.dll
0x00007ffd7c820000 - 0x00007ffd7c854000 	C:\Windows\system32\rsaenh.dll
0x00007ffd7df50000 - 0x00007ffd7df77000 	C:\Windows\System32\bcrypt.dll
0x00007ffd7fec0000 - 0x00007ffd7ffea000 	C:\Windows\System32\ole32.dll
0x00007ffd51a70000 - 0x00007ffd51ab2000 	C:\Users\Windows 10 Pro\.openjfx\cache\17.0.6\glass.dll
0x00007ffd7fcd0000 - 0x00007ffd7fdaa000 	C:\Windows\System32\COMDLG32.dll
0x00007ffd7eab0000 - 0x00007ffd7eb7d000 	C:\Windows\System32\OLEAUT32.dll
0x00007ffd7f510000 - 0x00007ffd7f625000 	C:\Windows\System32\MSCTF.dll
0x00007ffd4d280000 - 0x00007ffd4d550000 	C:\Windows\system32\nvspcap64.dll
0x00007ffd7c450000 - 0x00007ffd7c483000 	C:\Windows\SYSTEM32\ntmarta.dll
0x00007ffd7c010000 - 0x00007ffd7c033000 	C:\Windows\SYSTEM32\gpapi.dll
0x00007ffd4af90000 - 0x00007ffd4b0e5000 	C:\Windows\System32\DriverStore\FileRepository\nv_dispi.inf_amd64_ab3196e1830c9b6c\nvppex.dll
0x00007ffd74850000 - 0x00007ffd7488b000 	C:\Windows\SYSTEM32\dxcore.dll
0x00007ffd6d0d0000 - 0x00007ffd6d0e4000 	C:\Users\Windows 10 Pro\.openjfx\cache\17.0.6\javafx_font.dll
0x00007ffd719b0000 - 0x00007ffd71c2f000 	C:\Windows\SYSTEM32\dwrite.dll
0x00007ffd63700000 - 0x00007ffd63712000 	C:\Program Files\Java\jdk-17\bin\jsound.dll
0x00007ffd47b90000 - 0x00007ffd47c2c000 	C:\Windows\SYSTEM32\DSOUND.dll
0x00007ffd7cd20000 - 0x00007ffd7cd6b000 	C:\Windows\SYSTEM32\powrprof.dll
0x00007ffd59ec0000 - 0x00007ffd59ee6000 	C:\Windows\SYSTEM32\winmmbase.dll
0x00007ffd7cb90000 - 0x00007ffd7cba2000 	C:\Windows\SYSTEM32\UMPDC.dll
0x00007ffd7eb80000 - 0x00007ffd7ec29000 	C:\Windows\System32\clbcatq.dll

dbghelp: loaded successfully - version: 4.0.5 - missing functions: none
symbol engine: initialized successfully - sym options: 0x614 - pdb path: .;C:\Program Files\Java\jdk-17\bin;C:\Windows\SYSTEM32;C:\Windows\WinSxS\amd64_microsoft.windows.common-controls_6595b64144ccf1df_6.0.19041.1110_none_60b5254171f9507e;C:\Program Files\Java\jdk-17\bin\server;C:\Program Files\JetBrains\IntelliJ IDEA 2024.2.0.2\bin;C:\Users\Windows 10 Pro\.openjfx\cache\17.0.6;C:\Windows\System32\DriverStore\FileRepository\nv_dispi.inf_amd64_ab3196e1830c9b6c;C:\Program Files\Bonjour;C:\Program Files\Common Files\Microsoft Shared\Ink

VM Arguments:
jvm_args: -javaagent:C:\Program Files\JetBrains\IntelliJ IDEA 2024.2.0.2\lib\idea_rt.jar=56619:C:\Program Files\JetBrains\IntelliJ IDEA 2024.2.0.2\bin -Dfile.encoding=UTF-8 --module-path=C:\Users\Windows 10 Pro\.m2\repository\org\openjfx\javafx-controls\17.0.6\javafx-controls-17.0.6-win.jar;C:\Users\Windows 10 Pro\Desktop\Miniproyecto Uno #4\target\classes;C:\Users\Windows 10 Pro\.m2\repository\org\openjfx\javafx-fxml\17.0.6\javafx-fxml-17.0.6-win.jar;C:\Users\Windows 10 Pro\.m2\repository\org\openjfx\javafx-base\17.0.6\javafx-base-17.0.6-win.jar;C:\Users\Windows 10 Pro\.m2\repository\org\openjfx\javafx-graphics\17.0.6\javafx-graphics-17.0.6-win.jar -Djdk.module.main=org.example.eiscuno 
java_command: org.example.eiscuno/org.example.eiscuno.Main
java_class_path (initial): C:\Users\Windows 10 Pro\.m2\repository\org\openjfx\javafx-controls\17.0.6\javafx-controls-17.0.6.jar;C:\Users\Windows 10 Pro\.m2\repository\org\openjfx\javafx-graphics\17.0.6\javafx-graphics-17.0.6.jar;C:\Users\Windows 10 Pro\.m2\repository\org\openjfx\javafx-base\17.0.6\javafx-base-17.0.6.jar;C:\Users\Windows 10 Pro\.m2\repository\org\openjfx\javafx-fxml\17.0.6\javafx-fxml-17.0.6.jar
Launcher Type: SUN_STANDARD

[Global flags]
     intx CICompilerCount                          = 4                                         {product} {ergonomic}
     uint ConcGCThreads                            = 3                                         {product} {ergonomic}
     uint G1ConcRefinementThreads                  = 10                                        {product} {ergonomic}
   size_t G1HeapRegionSize                         = 4194304                                   {product} {ergonomic}
    uintx GCDrainStackTargetSize                   = 64                                        {product} {ergonomic}
   size_t InitialHeapSize                          = 536870912                                 {product} {ergonomic}
   size_t MarkStackSize                            = 4194304                                   {product} {ergonomic}
   size_t MaxHeapSize                              = 8577351680                                {product} {ergonomic}
   size_t MaxNewSize                               = 5146411008                                {product} {ergonomic}
   size_t MinHeapDeltaBytes                        = 4194304                                   {product} {ergonomic}
   size_t MinHeapSize                              = 8388608                                   {product} {ergonomic}
    uintx NonNMethodCodeHeapSize                   = 5839372                                {pd product} {ergonomic}
    uintx NonProfiledCodeHeapSize                  = 122909434                              {pd product} {ergonomic}
    uintx ProfiledCodeHeapSize                     = 122909434                              {pd product} {ergonomic}
    uintx ReservedCodeCacheSize                    = 251658240                              {pd product} {ergonomic}
     bool SegmentedCodeCache                       = true                                      {product} {ergonomic}
   size_t SoftMaxHeapSize                          = 8577351680                             {manageable} {ergonomic}
     bool UseCompressedClassPointers               = true                           {product lp64_product} {ergonomic}
     bool UseCompressedOops                        = true                           {product lp64_product} {ergonomic}
     bool UseG1GC                                  = true                                      {product} {ergonomic}
     bool UseLargePagesIndividualAllocation        = false                                  {pd product} {ergonomic}

Logging:
Log output configuration:
 #0: stdout all=off uptime,level,tags
 #1: stderr all=off uptime,level,tags

Environment Variables:
PATH=C:\Program Files\Common Files\Oracle\Java\javapath;C:\Windows\system32;C:\Windows;C:\Windows\System32\Wbem;C:\Windows\System32\WindowsPowerShell\v1.0\;C:\Windows\System32\OpenSSH\;C:\Program Files\NVIDIA Corporation\NVIDIA NvDLISR;C:\Program Files (x86)\NVIDIA Corporation\PhysX\Common;C:\Program Files (x86)\Windows Kits\10\Windows Performance Toolkit\;C:\Program Files\Git\cmd;C:\Users\Windows 10 Pro\AppData\Local\Programs\Python\Python312\Scripts\;C:\Users\Windows 10 Pro\AppData\Local\Programs\Python\Python312\;C:\Users\Windows 10 Pro\AppData\Local\Programs\Python\Launcher\;C:\Users\Windows 10 Pro\AppData\Local\Microsoft\WindowsApps;C:\Users\Windows 10 Pro\AppData\Local\Programs\Microsoft VS Code\bin;C:\Users\Windows 10 Pro\AppData\Roaming\Programs\Zero Install;C:\Program Files\Git\bin;
USERNAME=Windows 10 Pro
OS=Windows_NT
PROCESSOR_IDENTIFIER=AMD64 Family 23 Model 113 Stepping 0, AuthenticAMD



---------------  S Y S T E M  ---------------

OS:
 Windows 10 , 64 bit Build 19041 (10.0.19041.1889)
OS uptime: 0 days 15:34 hours

CPU: total 12 (initial active 12) (12 cores per cpu, 2 threads per core) family 23 model 113 stepping 0 microcode 0x0, cx8, cmov, fxsr, ht, mmx, 3dnowpref, sse, sse2, sse3, ssse3, sse4a, sse4.1, sse4.2, popcnt, lzcnt, tsc, tscinvbit, avx, avx2, aes, clmul, bmi1, bmi2, adx, sha, fma, vzeroupper, clflush, clflushopt

Memory: 4k page, system-wide physical 32716M (20203M free)
TotalPageFile size 34764M (AvailPageFile size 19378M)
current process WorkingSet (physical memory assigned to process): 269M, peak: 521M
current process commit charge ("private bytes"): 570M, peak: 988M

vm_info: Java HotSpot(TM) 64-Bit Server VM (17.0.9+11-LTS-201) for windows-amd64 JRE (17.0.9+11-LTS-201), built on Oct 10 2023 23:16:06 by "mach5one" with MS VC++ 17.1 (VS2022)

END.
